<?xml version="1.0" encoding="UTF-8"?>
<!-- Generated by org.testng.reporters.JUnitReportReporter -->
<testsuite skipped="1" hostname="DESKTOP-J8G5JLV" name="maven.retry.Assign" tests="6" failures="0" timestamp="2021-05-25T23:08:51 IST" time="24.888" errors="0">
  <testcase name="delVeg" time="1.224" classname="maven.retry.Assign"/>
  <system-out/>
  <testcase name="clicklink" time="7.105" classname="maven.retry.Assign"/>
  <system-out/>
  <testcase name="ApplyPromo_inValid" time="0.133" classname="maven.retry.Assign">
    <skipped/>
  </testcase> <!-- ApplyPromo_inValid -->
  <system-out/>
  <testcase name="ApplyPromo_Empty" time="1.822" classname="maven.retry.Assign"/>
  <system-out/>
  <testcase name="addVeg" time="12.960" classname="maven.retry.Assign"/>
  <system-out/>
  <testcase name="login" time="1.644" classname="maven.retry.Assign"/>
  <system-out/>
</testsuite> <!-- maven.retry.Assign -->
