<?xml version="1.0" encoding="UTF-8"?>
<!-- Generated by org.testng.reporters.JUnitReportReporter -->
<testsuite skipped="0" hostname="DESKTOP-J8G5JLV" name="maven.retry.Index_Page" tests="1" failures="0" timestamp="2021-06-14T15:16:12 IST" time="5.020" errors="0">
  <testcase name="Scroll_Vertical" time="5.020" classname="maven.retry.Index_Page"/>
  <system-out/>
</testsuite> <!-- maven.retry.Index_Page -->
