<?xml version="1.0" encoding="UTF-8"?>
<!-- Generated by org.testng.reporters.JUnitReportReporter -->
<testsuite skipped="0" hostname="DESKTOP-J8G5JLV" name="maven.retry.Practice_Project" tests="2" failures="0" timestamp="2021-05-28T12:26:23 IST" time="12.893" errors="0">
  <testcase name="increment" time="10.884" classname="maven.retry.Practice_Project"/>
  <system-out/>
  <testcase name="decrement" time="2.009" classname="maven.retry.Practice_Project"/>
  <system-out/>
</testsuite> <!-- maven.retry.Practice_Project -->
