<?xml version="1.0" encoding="UTF-8"?>
<!-- Generated by org.testng.reporters.JUnitReportReporter -->
<testsuite skipped="0" hostname="DESKTOP-J8G5JLV" name="maven.retry.Compare_Data" tests="3" failures="0" timestamp="2021-06-11T18:57:03 IST" time="3.287" errors="0">
  <testcase name="compare_CSV" time="0.055" classname="maven.retry.Compare_Data"/>
  <system-out/>
  <testcase name="compare_Text" time="0.004" classname="maven.retry.Compare_Data"/>
  <system-out/>
  <testcase name="compare_excel" time="3.228" classname="maven.retry.Compare_Data"/>
  <system-out/>
</testsuite> <!-- maven.retry.Compare_Data -->
